<?xml version="1.0" encoding="UTF-8"?>
<!-- Generated by org.testng.reporters.JUnitReportReporter -->
<testsuite hostname="LAPTOP-J81SHHRK" failures="0" tests="2" name="Project.StudentEventTest" time="6.244" errors="0" timestamp="2024-07-19T10:57:41 IST" skipped="0">
  <testcase classname="Project.StudentEventTest" name="createEvent" time="5.056"/>
  <system-out/>
  <testcase classname="Project.StudentEventTest" name="event" time="1.188"/>
  <system-out/>
</testsuite> <!-- Project.StudentEventTest -->
