<?xml version="1.0" encoding="UTF-8"?>
<!-- Generated by org.testng.reporters.JUnitReportReporter -->
<testsuite hostname="LAPTOP-J81SHHRK" failures="0" tests="1" name="Project.Sample" time="2.293" errors="0" timestamp="2024-07-18T18:28:57 IST" skipped="0">
  <testcase classname="Project.Sample" name="add" time="2.293"/>
  <system-out/>
</testsuite> <!-- Project.Sample -->
