<?xml version="1.0" encoding="UTF-8"?>
<!-- Generated by org.testng.reporters.JUnitReportReporter -->
<testsuite hostname="LAPTOP-J81SHHRK" failures="0" tests="2" name="Project.TeacherTest" time="6.414" errors="0" timestamp="2024-07-19T11:03:05 IST" skipped="0">
  <testcase classname="Project.TeacherTest" name="createteacheraccount" time="4.602"/>
  <system-out/>
  <testcase classname="Project.TeacherTest" name="Teacher" time="1.812"/>
  <system-out/>
</testsuite> <!-- Project.TeacherTest -->
