<?xml version="1.0" encoding="UTF-8"?>
<!-- Generated by org.testng.reporters.JUnitReportReporter -->
<testsuite hostname="LAPTOP-J81SHHRK" failures="0" tests="2" name="Project.TeacherEventTest" time="6.781" errors="0" timestamp="2024-07-19T11:01:50 IST" skipped="0">
  <testcase classname="Project.TeacherEventTest" name="createEvent" time="5.468"/>
  <system-out/>
  <testcase classname="Project.TeacherEventTest" name="event" time="1.313"/>
  <system-out/>
</testsuite> <!-- Project.TeacherEventTest -->
